{"/drone/src/commands/activate.js": {"path":"/drone/src/commands/activate.js","statementMap":{"0":{"start":{"line":7,"column":4},"end":{"line":7,"column":31}},"1":{"start":{"line":10,"column":25},"end":{"line":53,"column":1}},"2":{"start":{"line":13,"column":2},"end":{"line":52,"column":3}},"3":{"start":{"line":15,"column":4},"end":{"line":49,"column":42}},"4":{"start":{"line":18,"column":60},"end":{"line":18,"column":74}},"5":{"start":{"line":21,"column":8},"end":{"line":21,"column":100}},"6":{"start":{"line":29,"column":8},"end":{"line":29,"column":64}},"7":{"start":{"line":30,"column":27},"end":{"line":36,"column":10}},"8":{"start":{"line":39,"column":8},"end":{"line":47,"column":10}},"9":{"start":{"line":51,"column":4},"end":{"line":51,"column":20}},"10":{"start":{"line":55,"column":0},"end":{"line":55,"column":34}}},"fnMap":{"0":{"name":"(anonymous_0)","decl":{"start":{"line":10,"column":25},"end":{"line":10,"column":26}},"loc":{"start":{"line":10,"column":52},"end":{"line":53,"column":1}},"line":10},"1":{"name":"(anonymous_1)","decl":{"start":{"line":16,"column":12},"end":{"line":16,"column":13}},"loc":{"start":{"line":16,"column":32},"end":{"line":22,"column":7}},"line":16},"2":{"name":"(anonymous_2)","decl":{"start":{"line":25,"column":12},"end":{"line":25,"column":13}},"loc":{"start":{"line":25,"column":34},"end":{"line":48,"column":7}},"line":25}},"branchMap":{"0":{"loc":{"start":{"line":18,"column":16},"end":{"line":18,"column":33}},"type":"default-arg","locations":[{"start":{"line":18,"column":31},"end":{"line":18,"column":33}}],"line":18},"1":{"loc":{"start":{"line":18,"column":35},"end":{"line":18,"column":55}},"type":"default-arg","locations":[{"start":{"line":18,"column":53},"end":{"line":18,"column":55}}],"line":18}},"s":{"0":1,"1":1,"2":3,"3":3,"4":0,"5":0,"6":0,"7":0,"8":0,"9":3,"10":1},"f":{"0":3,"1":0,"2":0},"b":{"0":[0],"1":[0]},"_coverageSchema":"43e27e138ebf9cfc5966b082cf9a028302ed4184","hash":"d5c576c1ca98a7006e426b9de2329fd33b5746f0"}
}
